<?xml version="1.0" encoding="UTF-8" ?>
<testsuite failures="0" time="0.733" errors="0" skipped="0" tests="15" name="lucandra.LucandraTests">
  <properties>
[...]
</properties>
  <testcase time="0.201" classname="lucandra.LucandraTests" name="testWriter"/>
  <testcase time="0.092" classname="lucandra.LucandraTests" name="testUnicode"/>
  <testcase time="0.007" classname="lucandra.LucandraTests" name="testMultiValuedFields"/>
  <testcase time="0.003" classname="lucandra.LucandraTests" name="testKeywordField"/>
  <testcase time="0.018" classname="lucandra.LucandraTests" name="testDelete"/>
  <testcase time="0.005" classname="lucandra.LucandraTests" name="testSearch"/>
  <testcase time="0.005" classname="lucandra.LucandraTests" name="testScore"/>
  <testcase time="0.004" classname="lucandra.LucandraTests" name="testMissingQuery"/>
  <testcase time="0.138" classname="lucandra.LucandraTests" name="testWildcardQuery"/>
  <testcase time="0.124" classname="lucandra.LucandraTests" name="testSortQuery"/>
  <testcase time="0.026" classname="lucandra.LucandraTests" name="testRangeQuery"/>
  <testcase time="0.015" classname="lucandra.LucandraTests" name="testExactQuery"/>
  <testcase time="0.009" classname="lucandra.LucandraTests" name="testSimpleAnalyzerWriteRead"/>
  <testcase time="0.031" classname="lucandra.LucandraTests" name="testHighlight"/>
  <testcase time="0.041" classname="lucandra.LucandraTests" name="testLucandraFilter"/>
</testsuite>